<?xml version="1.0" encoding="UTF-8"?>
<testsuite name="com.kodilla.patterns.builder.bigmac.BigMacTestSuite" tests="1" skipped="0" failures="0" errors="0" timestamp="2018-01-25T16:24:55" hostname="MacBook-Air-Pawel.local" time="0.004">
  <properties/>
  <testcase name="testBigMacCheck" classname="com.kodilla.patterns.builder.bigmac.BigMacTestSuite" time="0.004"/>
  <system-out><![CDATA[Bigmac{roll='Zytnia', burgers=1, sauce='1000 wysp', ingredients=[ser, cebula, bekon, pomidor]}
]]></system-out>
  <system-err><![CDATA[]]></system-err>
</testsuite>
