<?xml version="1.0" encoding="UTF-8"?>
<testsuite name="com.kodilla.patterns.prototype.library.LibraryTestSuite" tests="1" skipped="0" failures="0" errors="0" timestamp="2018-01-25T16:24:55" hostname="MacBook-Air-Pawel.local" time="0.027">
  <properties/>
  <testcase name="testGetBooks" classname="com.kodilla.patterns.prototype.library.LibraryTestSuite" time="0.027"/>
  <system-out><![CDATA[Library name: Biblioteka ksiazek
Book{title='Tytul2', author='Autor2', publicationDate=2000-01-02}
Book{title='Tytul3', author='Autor3', publicationDate=2000-01-03}
Book{title='Tytul1', author='Autor1', publicationDate=2000-01-01}

Library name: Biblioteka - plytkie klonowanie
Book{title='Tytul2', author='Autor2', publicationDate=2000-01-02}
Book{title='Tytul3', author='Autor3', publicationDate=2000-01-03}
Book{title='Tytul1', author='Autor1', publicationDate=2000-01-01}

Library name: Biblioteka - glebokie klonowanie
Book{title='Tytul2', author='Autor2', publicationDate=2000-01-02}
Book{title='Tytul3', author='Autor3', publicationDate=2000-01-03}
Book{title='Tytul1', author='Autor1', publicationDate=2000-01-01}

]]></system-out>
  <system-err><![CDATA[]]></system-err>
</testsuite>
